build/app/outputs/mapping/release/seeds.txt
com.haraj.alshamal.MainActivity: MainActivity()
com.haraj.alshamal.MainActivity
com.haraj.alshamal.Application
com.haraj.alshamal.Application: Application()
...
com.razorpay.AdvertisingIdUtil$d__1_: void R$$r_(java.lang.String)
com.razorpay.R$styleable: int AppCompatTheme_editTextColor
com.razorpay.razorpay_flutter.R$color: int tooltip_background_dark
com.facebook.CurrentAccessTokenExpirationBroadcastReceiver: CurrentAccessTokenExpirationBroadcastReceiver()
com.razorpay.razorpay_flutter.R$layout: int support_simple_spinner_dropdown_item
com.razorpay.c__C_: void setMerchantOptions(java.lang.String)
com.razorpay.razorpay_flutter.R$styleable: int GradientColor_android_endX
com.google.android.gms.internal.ads.zzbv$zza: int zzdl
com.razorpay.razorpay_flutter.R$drawable: int abc_ic_star_black_36dp
com.bumptech.glide.Priority: com.bumptech.glide.Priority valueOf(java.lang.String)
com.google.android.gms.internal.measurement.zzbt$zzb: com.google.android.gms.internal.measurement.zzfq zzh
com.google.android.gms.internal.ads.zzdpw$zzk: com.google.android.gms.internal.ads.zzdpw$zzk next
com.google.android.gms.internal.measurement.zzbw$zzk: double zzi
com.razorpay.b_$A$
com.razorpay.R$color: int bright_foreground_inverse_material_light
com.razorpay.razorpay_flutter.R$color: int secondary_text_disabled_material_dark
com.baseflow.googleapiavailability.BuildConfig: java.lang.String BUILD_TYPE
com.baseflow.googleapiavailability.MethodCallHandlerImpl: int GOOGLE_PLAY_SERVICES_AVAILABILITY_SERVICE_UPDATING
com.google.android.gms.internal.ads.zzbgx: android.os.Bundle zzti()
com.google.android.gms.internal.ads.zztf$zzr: com.google.android.gms.internal.ads.zzedx zzea
com.baseflow.geolocator.R$integer: int google_play_services_version
com.razorpay.R$dimen: int abc_text_size_display_4_material
com.razorpay.razorpay_flutter.R$styleable: int AppCompatTheme_dropdownListPreferredItemHeight
com.razorpay.AnalyticsConstants: java.lang.String CALLING_INTERNAL_ERROR
com.razorpay.b__J_: com.razorpay.I$_n_ b__J_
com.razorpay.R$drawable: int abc_list_selector_holo_dark
com.baseflow.googleapiavailability.R$drawable: int common_google_signin_btn_text_dark_normal_background
com.razorpay.l_$w$: boolean setOptions(android.os.Bundle,boolean)
com.razorpay.razorpay_flutter.R$styleable: int AppCompatTheme_dropDownListViewStyle
com.razorpay.Checkout: boolean G__G_()
com.baseflow.geolocator.R$string: int common_google_play_services_updating_text
com.baseflow.geolocator.R$id: int actions
com.google.android.gms.internal.ads.zzdxe: int zzhnx
com.razorpay.AnalyticsConstants: java.lang.String COMPLETE
com.razorpay.AdvertisingIdUtil$a_$P$: android.os.IBinder R$$r_
com.bumptech.glide.load.ImageHeaderParser$ImageType: com.bumptech.glide.load.ImageHeaderParser$ImageType JPEG
com.razorpay.razorpay_flutter.R$style: int Base_Theme_AppCompat_Light_Dialog_MinWidth
com.google.android.gms.internal.ads.zzdxp$zza: com.google.android.gms.internal.ads.zzdxp$zza zzhpd
com.razorpay.l__d$: void R$$r_(com.razorpay.l__d$,java.lang.String)
io.flutter.embedding.engine.mutatorsstack.FlutterMutatorsStack: FlutterMutatorsStack()
com.google.android.gms.ads.mediation.customevent.CustomEventInterstitial: void onResume()
com.google.ads.mediation.AbstractAdViewAdapter: void initialize(android.content.Context,com.google.android.gms.ads.mediation.MediationAdRequest,java.lang.String,com.google.android.gms.ads.reward.mediation.MediationRewardedVideoAdListener,android.os.Bundle,android.os.Bundle)
com.razorpay.l__d$: void Q_$2$(com.razorpay.l__d$,int,com.razorpay.Y$_o$$d__1_)
com.razorpay.b_$A$$4: void onAnimationRepeat(android.view.animation.Animation)
androidx.appcompat.widget.AppCompatImageView: void setImageDrawable(android.graphics.drawable.Drawable)
com.google.android.gms.measurement.AppMeasurementJobService: AppMeasurementJobService()
com.razorpay.AnalyticsConstants: java.lang.String MERCHANT_BACKEND_ERROR
com.google.android.gms.internal.firebase_auth.zzbz: android.os.Parcelable$Creator CREATOR
androidx.constraintlayout.widget.ConstraintLayout
com.razorpay.l__d$: void onError(java.lang.String)
com.baseflow.googleapiavailability.R$dimen