build/app/outputs/mapping/release/mapping.txt
# compiler: R8
# compiler_version: 2.1.75
# min_api: 21
# pg_map_id: 0b2f261
# common_typos_disable
com.haraj.alshamal.Application -> com.haraj.alshamal.Application:
    void registerWith(io.flutter.plugin.common.PluginRegistry) -> a
...
com.google.android.gms.internal.ads.zzbyj -> com.google.android.gms.internal.ads.hd0:
    java.util.Map zzfku -> a
    com.google.android.gms.internal.ads.zzcae zzfjb -> e
    java.util.Map zzfpp -> b
    java.util.Map zzfpq -> c
    com.google.android.gms.internal.ads.zzehm zzfpo -> d
    com.google.android.gms.internal.ads.zzcnj zze(int,java.lang.String) -> a
com.google.android.gms.internal.ads.zzbyk -> com.google.android.gms.internal.ads.id0:
    com.google.android.gms.internal.ads.zzbyl zzfpr -> a
com.google.android.gms.internal.ads.zzbyl -> com.google.android.gms.internal.ads.jd0:
    com.google.android.gms.internal.ads.zzcae zzfjb -> a
    com.google.android.gms.internal.ads.zzvm zzfps -> b
    com.google.android.gms.internal.ads.zzcae zzakd() -> a
    com.google.android.gms.internal.ads.zzvm zzake() -> b
com.google.android.gms.internal.ads.zzbym -> com.google.android.gms.internal.ads.kd0:
    com.google.android.gms.internal.ads.zzbyl zzfpr -> a
    com.google.android.gms.internal.ads.zzbym zzc(com.google.android.gms.internal.ads.zzbyl) -> a
    com.google.android.gms.internal.ads.zzcae zzd(com.google.android.gms.internal.ads.zzbyl) -> b
com.google.android.gms.internal.ads.zzbyn -> com.google.android.gms.internal.ads.ld0:
    com.google.android.gms.internal.ads.zzbyl zzfpr -> a
    com.google.android.gms.internal.ads.zzbyn zze(com.google.android.gms.internal.ads.zzbyl) -> a
com.google.android.gms.internal.ads.zzbyo -> com.google.android.gms.internal.ads.md0:
    com.google.android.gms.internal.ads.zzbyo zza(com.google.android.gms.internal.ads.zzbqj) -> d
    com.google.android.gms.internal.ads.zzbyo zza(com.google.android.gms.internal.ads.zzbyl) -> i
    com.google.android.gms.internal.ads.zzbyp zzaef() -> r
    com.google.android.gms.internal.ads.zzbyo zza(com.google.android.gms.internal.ads.zzbuj) -> x
com.google.android.gms.internal.ads.zzbyp -> com.google.android.gms.internal.ads.nd0:
    com.google.android.gms.internal.ads.zzbzy zza(com.google.android.gms.internal.ads.zzboi,com.google.android.gms.internal.ads.zzcaj,com.google.android.gms.internal.ads.zzcbm) -> a
    com.google.android.gms.internal.ads.zzbzz zza(com.google.android.gms.internal.ads.zzboi,com.google.android.gms.internal.ads.zzcaj,com.google.android.gms.internal.ads.zzbza) -> b
    com.google.android.gms.internal.ads.zzboq zzaed() -> c
    com.google.android.gms.internal.ads.zzbra zzaee() -> d
com.google.android.gms.internal.ads.zzbyq -> com.google.android.gms.internal.ads.od0:
    com.google.android.gms.internal.ads.zzbyq zzakf() -> a
com.google.android.gms.internal.ads.zzbyr -> com.google.android.gms.internal.ads.pd0:
    com.google.android.gms.internal.ads.zzehm zzfji -> a
    java.util.Set zza(com.google.android.gms.internal.ads.zzcae) -> a
com.google.android.gms.internal.ads.zzbys -> com.google.android.gms.internal.ads.qd0:
    com.google.android.gms.internal.ads.zzbys zzakg() -> a
    java.lang.String zzakh() -> b
com.google.android.gms.internal.ads.zzbyt -> com.google.android.gms.internal.ads.rd0:
    com.google.android.gms.internal.ads.zzbyq zzfpt -> a
    com.google.android.gms.internal.ads.zzbyq zzaki() -> a
com.google.android.gms.internal.ads.zzbyu -> com.google.android.gms.internal.ads.sd0:
    com.google.android.gms.internal.ads.zzehm zzfpx -> d
    com.google.android.gms.internal.ads.zzehm zzfmi -> e
    com.google.android.gms.internal.ads.zzehm zzfpu -> a
    com.google.android.gms.internal.ads.zzehm zzfpv -> b
    com.google.android.gms.internal.ads.zzehm zzfpw -> c
com.google.android.gms.internal.ads.zzbyv -> com.google.android.gms.internal.ads.td0:
    com.google.android.gms.internal.ads.zzbys zzfpy -> a
    com.google.android.gms.internal.ads.zzbys zzakj() -> a
com.google.android.gms.internal.ads.zzbyw -> com.google.android.gms.internal.ads.ud0: