build/app/outputs/mapping/release/usage.txt
com.haraj.alshamal.R$dimen
com.haraj.alshamal.R$styleable
com.haraj.alshamal.R$color
com.haraj.alshamal.R$anim
com.haraj.alshamal.BuildConfig
com.haraj.alshamal.R$drawable
com.haraj.alshamal.R$xml
com.haraj.alshamal.R$layout
com.haraj.alshamal.R
com.haraj.alshamal.R$interpolator
com.haraj.alshamal.R$menu
com.haraj.alshamal.R$string
com.haraj.alshamal.R$raw
com.haraj.alshamal.R$mipmap
com.haraj.alshamal.R$animator
com.haraj.alshamal.R$bool
com.haraj.alshamal.R$attr
com.haraj.alshamal.R$id
com.haraj.alshamal.R$integer
com.haraj.alshamal.R$style
...
com.google.android.gms.common.internal.zzh:
    private final boolean zzey
com.google.android.gms.internal.ads.zzcis:
    private final com.google.android.gms.internal.ads.zzcin zzfzt
com.google.android.gms.internal.ads.zzdwv
com.google.android.gms.internal.ads.zzadp:
    private final com.google.android.gms.ads.formats.NativeAd$AdChoicesInfo zzczc
com.bumptech.glide.load.engine.executor.GlideExecutor$UncaughtThrowableStrategy$3
com.facebook.appevents.SessionEventsState:
    private final int MAX_ACCUMULATED_LOG_EVENTS
com.google.android.material.bottomappbar.BottomAppBar:
    static synthetic com.google.android.material.bottomappbar.BottomAppBarTopEdgeTreatment access$100(com.google.android.material.bottomappbar.BottomAppBar)
    static synthetic com.google.android.material.shape.MaterialShapeDrawable access$200(com.google.android.material.bottomappbar.BottomAppBar)
com.google.android.gms.internal.ads.zzaym:
    private static final com.google.android.gms.internal.ads.zzayq zzdxt
com.google.firebase.database.core.utilities.ImmutableTree$1:
    final synthetic com.google.firebase.database.core.utilities.ImmutableTree this$0
com.google.android.gms.internal.ads.zzalg:
    private final com.google.android.gms.internal.ads.zzalh zzdeo
com.google.firebase.database.core.view.QueryParams:
    static final synthetic boolean $assertionsDisabled
com.google.firebase.database.core.utilities.ImmutableTree$2:
    final synthetic com.google.firebase.database.core.utilities.ImmutableTree this$0
com.google.android.gms.internal.ads.zzbr:
    private static final com.google.android.gms.internal.ads.zzeci zzeh
com.google.android.material.transformation.FabTransformationBehavior$4:
    final synthetic com.google.android.material.transformation.FabTransformationBehavior this$0
com.sangcomz.fishbun.adapter.view.PickerGridAdapter$ViewHolderImage:
    final synthetic com.sangcomz.fishbun.adapter.view.PickerGridAdapter this$0
com.google.android.gms.internal.measurement.zzc:
    private static com.google.android.gms.internal.measurement.zze zza
com.google.zxing.aztec.encoder.AztecCode:
    private boolean compact
    private int size
    private int layers
    private int codeWords
androidx.core.app.NotificationCompatJellybean:
    private static final java.lang.Object sActionsLock
io.github.ponnamkarthik.toast.fluttertoast.FlutterToastPlugin$Companion
com.google.android.gms.internal.ads.zzox:
    private final int width
    private final int height
com.google.common.util.concurrent.Futures:
    private static final com.google.common.util.concurrent.AsyncFunction DEREFERENCER
com.google.android.gms.location.GeofencingApi
kotlin.KotlinVersion$Companion
com.google.android.gms.internal.measurement.zzly:
    private static final com.google.android.gms.internal.measurement.zzcq zza
com.google.android.gms.internal.ads.zzehb:
    private static final com.google.android.gms.internal.ads.zzehm zzijg
com.bumptech.glide.load.engine.DiskCacheStrategy$4
com.google.android.gms.internal.measurement.zze
com.google.android.gms.common.internal.zzg:
    private static final android.net.Uri zzev
    private static final android.net.Uri zzew
com.google.android.gms.ads.identifier.zzc
io.flutter.embedding.android.DrawableSplashScreen$1:
    final synthetic io.flutter.embedding.android.DrawableSplashScreen this$0
com.google.android.gms.internal.ads.zzayl:
    void <init>()
com.google.zxing.oned.Code93Reader:
    private static final char[] ALPHABET
    private static final int ASTERISK_ENCODING
com.google.android.gms.internal.ads.zzami:
    private final int zzdgm
    private final java.lang.String zzacs
com.google.firebase.database.core.view.filter.LimitedFilter:
    static final synthetic boolean $assertionsDisabled
androidx.constraintlayout.solver.widgets.ResolutionAnchor:
    float computedValue
    private float oppositeOffset